# JRE version: OpenJDK Runtime Environment Temurin-17.0.6+10 (17.0.6+10) (build 17.0.6+10)
# Java VM: OpenJDK 64-Bit Server VM Temurin-17.0.6+10 (17.0.6+10, mixed mode, emulated-client, tiered, compressed oops, compressed class ptrs, g1 gc, windows-amd64)
GC Precious Log:
 CPUs: 4 total, 4 available
 Memory: 8026M
 Large Page Support: Disabled
 NUMA Support: Disabled
 Compressed Oops: Enabled (32-bit)
 Heap Region Size: 1M
 Heap Min Capacity: 8M
 Heap Initial Capacity: 126M
 Heap Max Capacity: 2008M
 Pre-touch: Disabled
 Parallel Workers: 4
 Concurrent Workers: 1
 Concurrent Refinement Workers: 4
 Periodic GC: Disabled
Heap:
 garbage-first heap   total 102400K, used 51414K [0x0000000082800000, 0x0000000100000000)
  region size 1024K, 22 young (22528K), 4 survivors (4096K)
 Metaspace       used 74353K, committed 74880K, reserved 1114112K
  class space    used 9845K, committed 10112K, reserved 1048576K
GC Heap History (20 events):
Event: 4.392 GC heap before
{Heap before GC invocations=14 (full 0):
 garbage-first heap   total 73728K, used 19298K [0x0000000082800000, 0x0000000100000000)
  region size 1024K, 6 young (6144K), 5 survivors (5120K)
 Metaspace       used 38163K, committed 38528K, reserved 1089536K
  class space    used 4775K, committed 4928K, reserved 1048576K
}
Event: 4.396 GC heap after
{Heap after GC invocations=15 (full 0):
 garbage-first heap   total 73728K, used 18212K [0x0000000082800000, 0x0000000100000000)
  region size 1024K, 1 young (1024K), 1 survivors (1024K)
 Metaspace       used 38163K, committed 38528K, reserved 1089536K
  class space    used 4775K, committed 4928K, reserved 1048576K
}
Event: 4.821 GC heap before
{Heap before GC invocations=15 (full 0):
 garbage-first heap   total 73728K, used 58148K [0x0000000082800000, 0x0000000100000000)
  region size 1024K, 40 young (40960K), 1 survivors (1024K)
 Metaspace       used 40440K, committed 40768K, reserved 1089536K
  class space    used 5025K, committed 5184K, reserved 1048576K
}
Event: 4.824 GC heap after
{Heap after GC invocations=16 (full 0):
 garbage-first heap   total 73728K, used 19456K [0x0000000082800000, 0x0000000100000000)
  region size 1024K, 2 young (2048K), 2 survivors (2048K)
 Metaspace       used 40440K, committed 40768K, reserved 1089536K
  class space    used 5025K, committed 5184K, reserved 1048576K
}
Event: 5.286 GC heap before
{Heap before GC invocations=16 (full 0):
 garbage-first heap   total 73728K, used 57344K [0x0000000082800000, 0x0000000100000000)
  region size 1024K, 40 young (40960K), 2 survivors (2048K)
 Metaspace       used 43949K, committed 44288K, reserved 1089536K
  class space    used 5536K, committed 5696K, reserved 1048576K
}
Event: 5.292 GC heap after
{Heap after GC invocations=17 (full 0):
 garbage-first heap   total 73728K, used 20729K [0x0000000082800000, 0x0000000100000000)
  region size 1024K, 4 young (4096K), 4 survivors (4096K)
 Metaspace       used 43949K, committed 44288K, reserved 1089536K
  class space    used 5536K, committed 5696K, reserved 1048576K
}
Event: 5.656 GC heap before
{Heap before GC invocations=17 (full 0):
 garbage-first heap   total 73728K, used 57593K [0x0000000082800000, 0x0000000100000000)
  region size 1024K, 40 young (40960K), 4 survivors (4096K)
 Metaspace       used 47633K, committed 48000K, reserved 1097728K
  class space    used 6146K, committed 6336K, reserved 1048576K
}
Event: 5.661 GC heap after
{Heap after GC invocations=18 (full 0):
 garbage-first heap   total 73728K, used 21673K [0x0000000082800000, 0x0000000100000000)
  region size 1024K, 3 young (3072K), 3 survivors (3072K)
 Metaspace       used 47633K, committed 48000K, reserved 1097728K
  class space    used 6146K, committed 6336K, reserved 1048576K
}
Event: 6.192 GC heap before
{Heap before GC invocations=18 (full 0):
 garbage-first heap   total 73728K, used 58537K [0x0000000082800000, 0x0000000100000000)
  region size 1024K, 39 young (39936K), 3 survivors (3072K)
 Metaspace       used 53419K, committed 53824K, reserved 1097728K
  class space    used 6872K, committed 7040K, reserved 1048576K
}
Event: 6.198 GC heap after
{Heap after GC invocations=19 (full 0):
 garbage-first heap   total 147456K, used 24403K [0x0000000082800000, 0x0000000100000000)
  region size 1024K, 5 young (5120K), 5 survivors (5120K)
 Metaspace       used 53419K, committed 53824K, reserved 1097728K
  class space    used 6872K, committed 7040K, reserved 1048576K
}
Event: 7.092 GC heap before
{Heap before GC invocations=19 (full 0):
 garbage-first heap   total 147456K, used 97107K [0x0000000082800000, 0x0000000100000000)
  region size 1024K, 77 young (78848K), 5 survivors (5120K)
 Metaspace       used 59751K, committed 60160K, reserved 1105920K
  class space    used 7850K, committed 8064K, reserved 1048576K
}
Event: 7.099 GC heap after
{Heap after GC invocations=20 (full 0):
 garbage-first heap   total 147456K, used 26280K [0x0000000082800000, 0x0000000100000000)
  region size 1024K, 7 young (7168K), 7 survivors (7168K)
 Metaspace       used 59751K, committed 60160K, reserved 1105920K
  class space    used 7850K, committed 8064K, reserved 1048576K
}
Event: 7.907 GC heap before
{Heap before GC invocations=21 (full 0):
 garbage-first heap   total 102400K, used 80552K [0x0000000082800000, 0x0000000100000000)
  region size 1024K, 60 young (61440K), 7 survivors (7168K)
 Metaspace       used 63961K, committed 64384K, reserved 1105920K
  class space    used 8491K, committed 8704K, reserved 1048576K
}
Event: 7.917 GC heap after
{Heap after GC invocations=22 (full 0):
 garbage-first heap   total 102400K, used 28307K [0x0000000082800000, 0x0000000100000000)
  region size 1024K, 4 young (4096K), 4 survivors (4096K)
 Metaspace       used 63961K, committed 64384K, reserved 1105920K
  class space    used 8491K, committed 8704K, reserved 1048576K
}
Event: 8.674 GC heap before
{Heap before GC invocations=23 (full 0):
 garbage-first heap   total 102400K, used 83603K [0x0000000082800000, 0x0000000100000000)
  region size 1024K, 58 young (59392K), 4 survivors (4096K)
 Metaspace       used 67116K, committed 67520K, reserved 1114112K
  class space    used 8959K, committed 9152K, reserved 1048576K
}
Event: 8.681 GC heap after
{Heap after GC invocations=24 (full 0):
 garbage-first heap   total 102400K, used 30187K [0x0000000082800000, 0x0000000100000000)
  region size 1024K, 6 young (6144K), 6 survivors (6144K)
 Metaspace       used 67116K, committed 67520K, reserved 1114112K
  class space    used 8959K, committed 9152K, reserved 1048576K
}
Event: 25.770 GC heap before
{Heap before GC invocations=24 (full 0):
 garbage-first heap   total 102400K, used 82411K [0x0000000082800000, 0x0000000100000000)
  region size 1024K, 58 young (59392K), 6 survivors (6144K)
 Metaspace       used 71630K, committed 72064K, reserved 1114112K
  class space    used 9584K, committed 9792K, reserved 1048576K
}
Event: 25.787 GC heap after
{Heap after GC invocations=25 (full 0):
 garbage-first heap   total 102400K, used 32432K [0x0000000082800000, 0x0000000100000000)
  region size 1024K, 5 young (5120K), 5 survivors (5120K)
 Metaspace       used 71630K, committed 72064K, reserved 1114112K
  class space    used 9584K, committed 9792K, reserved 1048576K
}
Event: 379.800 GC heap before
{Heap before GC invocations=25 (full 0):
 garbage-first heap   total 102400K, used 82608K [0x0000000082800000, 0x0000000100000000)
  region size 1024K, 55 young (56320K), 5 survivors (5120K)
 Metaspace       used 74290K, committed 74752K, reserved 1114112K
  class space    used 9840K, committed 10048K, reserved 1048576K
}
Event: 379.815 GC heap after
{Heap after GC invocations=26 (full 0):
 garbage-first heap   total 102400K, used 34006K [0x0000000082800000, 0x0000000100000000)
  region size 1024K, 4 young (4096K), 4 survivors (4096K)
 Metaspace       used 74290K, committed 74752K, reserved 1114112K
  class space    used 9840K, committed 10048K, reserved 1048576K
}

